<?xml version="1.0" encoding="UTF-8"?>
<!-- Generated by org.testng.reporters.JUnitReportReporter -->
<testsuite hostname="DESKTOP-ACHINTYA" failures="0" tests="2" name="testCases.BaseTest" time="12.663" errors="0" timestamp="2023-02-01T13:12:00 IST" skipped="0">
  <testcase classname="testCases.BaseTest" name="setup" time="6.310"/>
  <system-out/>
  <testcase classname="testCases.BaseTest" name="setup" time="6.353"/>
  <system-out/>
</testsuite> <!-- testCases.BaseTest -->
